<?xml version="1.0" encoding="UTF-8"?>
<!-- Generated by org.testng.reporters.JUnitReportReporter -->
<testsuite skipped="0" hostname="Ruhi" name="com.ecom.qa.testcases.LoginPageTest" tests="2" failures="0" timestamp="2020-07-29T16:57:22 IST" time="104.865" errors="0">
  <testcase name="loginTest" time="87.370" classname="com.ecom.qa.testcases.LoginPageTest"/>
  <system-out/>
  <testcase name="HomepageTitletest" time="17.495" classname="com.ecom.qa.testcases.LoginPageTest"/>
  <system-out/>
</testsuite> <!-- com.ecom.qa.testcases.LoginPageTest -->
